\BOOKMARK [1][-]{Doc-Start}{\376\377\000D\000e\000c\000l\000a\000r\000a\000t\000i\000o\000n}{}% 1
\BOOKMARK [1][-]{Doc-Start}{\376\377\000A\000b\000s\000t\000r\000a\000c\000t}{}% 2
\BOOKMARK [1][-]{section*.1}{\376\377\000L\000i\000s\000t\000\040\000o\000f\000\040\000F\000i\000g\000u\000r\000e\000s}{}% 3
\BOOKMARK [1][-]{section*.2}{\376\377\000L\000i\000s\000t\000\040\000o\000f\000\040\000T\000a\000b\000l\000e\000s}{}% 4
\BOOKMARK [1][-]{section.1}{\376\377\000I\000n\000t\000r\000o\000d\000u\000c\000t\000i\000o\000n}{}% 5
\BOOKMARK [2][-]{subsection.1.1}{\376\377\000A\000s\000t\000e\000r\000o\000i\000d\000s}{section.1}% 6
\BOOKMARK [2][-]{subsection.1.2}{\376\377\000T\000E\000S\000S}{section.1}% 7
\BOOKMARK [1][-]{section.2}{\376\377\000M\000e\000t\000h\000o\000d\000s}{}% 8
\BOOKMARK [2][-]{subsection.2.1}{\376\377\000Q\000u\000e\000r\000r\000y\000i\000n\000g\000\040\000D\000a\000t\000a\000b\000a\000s\000e\000s}{section.2}% 9
\BOOKMARK [2][-]{subsection.2.2}{\376\377\000I\000n\000t\000e\000r\000p\000o\000l\000a\000t\000i\000o\000n}{section.2}% 10
\BOOKMARK [2][-]{subsection.2.3}{\376\377\000D\000e\000t\000e\000c\000t\000i\000o\000n\000\040\000M\000a\000t\000c\000h\000i\000n\000g}{section.2}% 11
\BOOKMARK [2][-]{subsection.2.4}{\376\377\000L\000i\000g\000t\000h\000c\000u\000r\000v\000e\000s}{section.2}% 12
\BOOKMARK [2][-]{subsection.2.5}{\376\377\000P\000e\000r\000i\000o\000d\000\040\000d\000e\000t\000e\000c\000t\000i\000o\000n}{section.2}% 13
\BOOKMARK [2][-]{subsection.2.6}{\376\377\000P\000e\000r\000i\000o\000d\000o\000g\000r\000a\000m\000\040\000Q\000u\000a\000l\000i\000t\000y\000\040\000C\000h\000e\000c\000k\000s}{section.2}% 14
\BOOKMARK [1][-]{section.3}{\376\377\000R\000e\000s\000u\000l\000t\000s}{}% 15
\BOOKMARK [2][-]{subsection.3.1}{\376\377\000A\000s\000t\000e\000r\000o\000i\000d\000\040\000P\000r\000o\000p\000e\000r\000t\000i\000e\000s}{section.3}% 16
\BOOKMARK [2][-]{subsection.3.2}{\376\377\000D\000e\000t\000e\000c\000t\000a\000b\000i\000l\000i\000t\000y}{section.3}% 17
\BOOKMARK [2][-]{subsection.3.3}{\376\377\000P\000e\000r\000i\000o\000d\000\040\000A\000n\000a\000l\000y\000s\000i\000s\000\040\000R\000e\000s\000u\000l\000t\000s}{section.3}% 18
\BOOKMARK [1][-]{section.4}{\376\377\000D\000i\000s\000c\000u\000s\000s\000i\000o\000n}{}% 19
\BOOKMARK [2][-]{subsection.4.1}{\376\377\000C\000o\000m\000p\000a\000r\000i\000s\000o\000n\000\040\000t\000o\000\040\000o\000t\000h\000e\000r\000\040\000w\000o\000r\000k\000\040}{section.4}% 20
\BOOKMARK [2][-]{subsection.4.2}{\376\377\000F\000u\000t\000u\000r\000e\000\040\000w\000o\000r\000k}{section.4}% 21
\BOOKMARK [1][-]{section.5}{\376\377\000C\000o\000n\000c\000l\000u\000s\000i\000o\000n}{}% 22
\BOOKMARK [1][-]{section*.16}{\376\377\000A\000c\000k\000n\000o\000w\000l\000e\000d\000g\000e\000m\000e\000n\000t\000s}{}% 23
\BOOKMARK [1][-]{section*.16}{\376\377\000R\000e\000f\000e\000r\000e\000n\000c\000e\000s}{}% 24
